
Showing logs for build [32mpolacari-go-demo-6-pr-1-serverl-1[0m stage [32mfrom-build-pack[0m and container [32mstep-credential-initializer-wfv7r[0m
{"level":"warn","ts":1570016796.280461,"logger":"fallback-logger","caller":"logging/config.go:69","msg":"Fetch GitHub commit ID from kodata failed: \"ref: refs/heads/master\" is not a valid GitHub commit ID"}
{"level":"info","ts":1570016796.2808993,"logger":"fallback-logger","caller":"creds-init/main.go:40","msg":"Credentials initialized."}

Showing logs for build [32mpolacari-go-demo-6-pr-1-serverl-1[0m stage [32mfrom-build-pack[0m and container [32mstep-working-dir-initializer-4s2fm[0m
{"level":"warn","ts":1570016797.228598,"logger":"fallback-logger","caller":"logging/config.go:69","msg":"Fetch GitHub commit ID from kodata failed: open /var/run/ko/HEAD: no such file or directory"}
{"level":"info","ts":1570016797.2298458,"logger":"fallback-logger","caller":"bash/main.go:65","msg":"Successfully executed command \"mkdir -p /workspace/source /workspace/source/charts/preview\""}

Showing logs for build [32mpolacari-go-demo-6-pr-1-serverl-1[0m stage [32mfrom-build-pack[0m and container [32mstep-place-tools[0m

Showing logs for build [32mpolacari-go-demo-6-pr-1-serverl-1[0m stage [32mfrom-build-pack[0m and container [32mstep-git-source-polacari-go-demo-6-pr-1-serverl-c9jqf[0m
{"level":"warn","ts":1570016802.325015,"logger":"fallback-logger","caller":"logging/config.go:69","msg":"Fetch GitHub commit ID from kodata failed: \"ref: refs/heads/master\" is not a valid GitHub commit ID"}
{"level":"info","ts":1570016802.6445558,"logger":"fallback-logger","caller":"git/git.go:102","msg":"Successfully cloned https://github.com/********/go-demo-6.git @ master in path /workspace/source"}

Showing logs for build [32mpolacari-go-demo-6-pr-1-serverl-1[0m stage [32mfrom-build-pack[0m and container [32mstep-git-merge[0m
Using SHAs from PULL_REFS=master:4be519c43e3b333ac502594ba2a8ffba496421b7,1:15ea4510fb68a28ed9e32148be9d2d4baf046464
DEBUG: ran git fetch --unshallow origin 15ea4510fb68a28ed9e32148be9d2d4baf046464: 4be519c43e3b333ac502594ba2a8ffba496421b7: in 
DEBUG: ran git checkout master in 
DEBUG: ran git reset --hard 4be519c43e3b333ac502594ba2a8ffba496421b7 in 
DEBUG: ran clean --force -d . in 
DEBUG: ran git merge 15ea4510fb68a28ed9e32148be9d2d4baf046464 in 
Merged SHA 15ea4510fb68a28ed9e32148be9d2d4baf046464 with commit message 'This is a PR' into base branch master
Merged SHA 586f4e474b1b28091681f5eb274e2628e1b0558c with commit message 'This is a PR' into base branch master
Merged SHA dc5dbc16410ed6dca4e02fbc1272ee9fb29c8a05 with commit message 'Merge branch 'master' into dev' into base branch master

Showing logs for build [32mpolacari-go-demo-6-pr-1-serverl-1[0m stage [32mfrom-build-pack[0m and container [32mstep-build-make-linux[0m
go: finding github.com/stretchr/testify v1.2.2
go: finding github.com/pmezard/go-difflib v1.0.0
go: finding github.com/matttproud/golang_protobuf_extensions v1.0.1
go: finding github.com/davecgh/go-spew v1.1.1
go: finding github.com/golang/protobuf v1.2.0
go: finding github.com/prometheus/common v0.0.0-20181126121408-4724e9255275
go: finding github.com/stretchr/objx v0.1.1
go: finding github.com/prometheus/client_model v0.0.0-20180712105110-5c3871d89910
go: finding github.com/beorn7/perks v0.0.0-20180321164747-3a771d992973
go: finding gopkg.in/mgo.v2 v2.0.0-20180705113604-9856a29383ce
go: finding github.com/prometheus/client_golang v0.9.2
go: finding github.com/prometheus/procfs v0.0.0-20181204211112-1dc9a6cbc91a
go: finding golang.org/x/sync v0.0.0-20181108010431-42b317875d0f
go: finding golang.org/x/net v0.0.0-20181201002055-351d144fa1fc
go: downloading github.com/prometheus/client_golang v0.9.2
go: downloading gopkg.in/mgo.v2 v2.0.0-20180705113604-9856a29383ce
go: extracting github.com/prometheus/client_golang v0.9.2
go: downloading github.com/golang/protobuf v1.2.0
go: downloading github.com/prometheus/procfs v0.0.0-20181204211112-1dc9a6cbc91a
go: downloading github.com/beorn7/perks v0.0.0-20180321164747-3a771d992973
go: downloading github.com/prometheus/client_model v0.0.0-20180712105110-5c3871d89910
go: downloading github.com/prometheus/common v0.0.0-20181126121408-4724e9255275
go: extracting github.com/beorn7/perks v0.0.0-20180321164747-3a771d992973
go: extracting github.com/prometheus/client_model v0.0.0-20180712105110-5c3871d89910
go: extracting github.com/prometheus/procfs v0.0.0-20181204211112-1dc9a6cbc91a
go: extracting gopkg.in/mgo.v2 v2.0.0-20180705113604-9856a29383ce
go: extracting github.com/prometheus/common v0.0.0-20181126121408-4724e9255275
go: downloading github.com/matttproud/golang_protobuf_extensions v1.0.1
go: extracting github.com/matttproud/golang_protobuf_extensions v1.0.1
go: extracting github.com/golang/protobuf v1.2.0
CGO_ENABLED=0 GOOS=linux GOARCH=amd64 GO15VENDOREXPERIMENT=1 go build -ldflags '' -o bin/go-demo-6 main.go

Showing logs for build [32mpolacari-go-demo-6-pr-1-serverl-1[0m stage [32mfrom-build-pack[0m and container [32mstep-build-container-build[0m
[36mINFO[0m[0000] No base image, nothing to extract            
[36mINFO[0m[0000] cmd: EXPOSE                                  
[36mINFO[0m[0000] Adding exposed port: 8080/tcp                
[36mINFO[0m[0000] Using files from context: [/workspace/source/bin] 
[36mINFO[0m[0000] Skipping unpacking as no commands require it. 
[36mINFO[0m[0000] Taking sn**shot of full filesystem...        
[36mINFO[0m[0000] EXPOSE 8080                                  
[36mINFO[0m[0000] cmd: EXPOSE                                  
[36mINFO[0m[0000] Adding exposed port: 8080/tcp                
[36mINFO[0m[0000] No files changed in this command, skipping sn**shotting. 
[36mINFO[0m[0000] ENTRYPOINT ["/go-demo-6"]                    
[36mINFO[0m[0000] No files changed in this command, skipping sn**shotting. 
[36mINFO[0m[0000] Using files from context: [/workspace/source/bin] 
[36mINFO[0m[0000] COPY ./bin/ /                                
[36mINFO[0m[0000] Taking sn**shot of files...                  
ERROR: logging before flag.Parse: E1002 11:46:54.862060      10 metadata.go:142] while reading 'google-dockercfg' metadata: http status code: 404 while fetching url http://metadata.google.internal./computeMetadata/v1/instance/attributes/google-dockercfg
ERROR: logging before flag.Parse: E1002 11:46:54.867022      10 metadata.go:159] while reading 'google-dockercfg-url' metadata: http status code: 404 while fetching url http://metadata.google.internal./computeMetadata/v1/instance/attributes/google-dockercfg-url
2019/10/02 11:46:54 pushed blob: sha256:b67df1a2486fe1e872622bbdd58d814e0b483cbf3c6a697c50534651a78f6c9b
2019/10/02 11:46:55 pushed blob: sha256:50e8c7361d5adada99306d113caafb1b851b844663d6a2090602125d19c42f7a
2019/10/02 11:46:55 10.31.254.14:5000/********/go-demo-6:0.0.0-SNAPSHOT-PR-1-1: digest: sha256:d4a7f2d7bf4b64c5efe3d1428d2cb68a6c55c25e7f3538f2ced430c36e9c5fbc size: 428

Showing logs for build [32mpolacari-go-demo-6-pr-1-serverl-1[0m stage [32mfrom-build-pack[0m and container [32mstep-postbuild-post-build[0m
no CVE provider running in the current ** namespace so skip adding image to be analysed

Showing logs for build [32mpolacari-go-demo-6-pr-1-serverl-1[0m stage [32mfrom-build-pack[0m and container [32mstep-promote-make-preview[0m
sed -i -e "s/version:.*/version: 0.0.0-SNAPSHOT-PR-1-1/" Chart.yaml
sed -i -e "s/version:.*/version: 0.0.0-SNAPSHOT-PR-1-1/" ../*/Chart.yaml
sed -i -e "s|repository:.*|repository: 10.31.254.14:5000\/vfarcic\/go-demo-6|" values.yaml
sed -i -e "s/tag:.*/tag: 0.0.0-SNAPSHOT-PR-1-1/" values.yaml
echo "  version: 0.0.0-SNAPSHOT-PR-1-1" >> requirements.yaml
jx step helm build
WARNING: No $CHART_REPOSITORY defined so using the default value of: http://jenkins-x-chartmuseum:8080
Adding missing Helm repo: storage.google**is.com https://storage.google**is.com/chartmuseum.jenkins-x.io
Successfully added Helm repository storage.google**is.com.
Adding missing Helm repo: jenkins-x-chartmuseum http://jenkins-x-chartmuseum:8080
Successfully added Helm repository jenkins-x-chartmuseum.
WARNING: No $CHART_REPOSITORY defined so using the default value of: http://jenkins-x-chartmuseum:8080
Adding missing Helm repo: chartmuseum.jenkins-x.io http://chartmuseum.jenkins-x.io
Successfully added Helm repository chartmuseum.jenkins-x.io.

Showing logs for build [32mpolacari-go-demo-6-pr-1-serverl-1[0m stage [32mfrom-build-pack[0m and container [32mstep-promote-jx-preview[0m
Creating a preview
Commit author email is empty for: dc5dbc16410ed6dca4e02fbc1272ee9fb29c8a05
Looking for commits in: /workspace/source/
Commit author email is empty for: 586f4e474b1b28091681f5eb274e2628e1b0558c
Looking for commits in: /workspace/source/
Commit author email is empty for: 15ea4510fb68a28ed9e32148be9d2d4baf046464
Looking for commits in: /workspace/source/
Found commit author match for: ******** with email address: arina.polaconoka@tieto.com
Created environment ********-go-demo-6-pr-1
Namespace **-********-go-demo-6-pr-1 created 
expose:
  Annotations:
    helm.sh/hook: post-install,post-upgrade
    helm.sh/hook-delete-policy: hook-succeeded
  config:
    domain: 34.73.130.101.nip.io
    exposer: Ingress
    http: "true"
preview:
  image:
    repository: 10.31.254.14:5000/********/go-demo-6
    tag: 0.0.0-SNAPSHOT-PR-1-1
Deleting and cloning the Jenkins X versions repo
Cloning the Jenkins X versions repo https://github.com/jenkins-x/jenkins-x-versions.git with ref refs/heads/master to /builder/home/.jx/jenkins-x-versions


Updating PipelineActivities ********-go-demo-6-pr-1-1 which has status Running
WARNING: preview **plication http://go-demo-6.**-********-go-demo-6-pr-1.34.73.130.101.nip.io not available, error was 503 503 Service Temporarily Unavailable, delaying for: 1.192024588s
WARNING: preview **plication http://go-demo-6.**-********-go-demo-6-pr-1.34.73.130.101.nip.io not available, error was 503 503 Service Temporarily Unavailable, delaying for: 1.561649783s
WARNING: preview **plication http://go-demo-6.**-********-go-demo-6-pr-1.34.73.130.101.nip.io not available, error was 503 503 Service Temporarily Unavailable, delaying for: 2.077092453s
WARNING: preview **plication http://go-demo-6.**-********-go-demo-6-pr-1.34.73.130.101.nip.io not available, error was 503 503 Service Temporarily Unavailable, delaying for: 2.639523358s
WARNING: preview **plication http://go-demo-6.**-********-go-demo-6-pr-1.34.73.130.101.nip.io not available, error was 503 503 Service Temporarily Unavailable, delaying for: 6.988999559s
WARNING: preview **plication http://go-demo-6.**-********-go-demo-6-pr-1.34.73.130.101.nip.io not available, error was 503 503 Service Temporarily Unavailable, delaying for: 4.536921008s
WARNING: preview **plication http://go-demo-6.**-********-go-demo-6-pr-1.34.73.130.101.nip.io not available, error was 503 503 Service Temporarily Unavailable, delaying for: 8.22732789s
WARNING: preview **plication http://go-demo-6.**-********-go-demo-6-pr-1.34.73.130.101.nip.io not available, error was 503 503 Service Temporarily Unavailable, delaying for: 13.865621763s
WARNING: preview **plication http://go-demo-6.**-********-go-demo-6-pr-1.34.73.130.101.nip.io not available, error was 503 503 Service Temporarily Unavailable, delaying for: 33.344617715s
WARNING: preview **plication http://go-demo-6.**-********-go-demo-6-pr-1.34.73.130.101.nip.io not available, error was 503 503 Service Temporarily Unavailable, delaying for: 35.689164924s
WARNING: preview **plication http://go-demo-6.**-********-go-demo-6-pr-1.34.73.130.101.nip.io not available, error was 503 503 Service Temporarily Unavailable, delaying for: 1m25.28251906s
WARNING: preview **plication http://go-demo-6.**-********-go-demo-6-pr-1.34.73.130.101.nip.io not available, error was 503 503 Service Temporarily Unavailable, delaying for: 59.588519862s
WARNING: preview **plication http://go-demo-6.**-********-go-demo-6-pr-1.34.73.130.101.nip.io not available, error was 503 503 Service Temporarily Unavailable, delaying for: 50.877237818s
error: error checking if preview **plication http://go-demo-6.**-********-go-demo-6-pr-1.34.73.130.101.nip.io is available: preview **plication http://go-demo-6.**-********-go-demo-6-pr-1.34.73.130.101.nip.io not available, error was 503 503 Service Temporarily Unavailable
[31m
Pipeline failed on stage 'from-build-pack' : container 'step-promote-jx-preview'. The execution of the pipeline has stopped.[0m
